#-----------------------------------------------------------
# Vivado v2016.2 (64-bit)
# SW Build 1577090 on Thu Jun  2 16:32:40 MDT 2016
# IP Build 1577682 on Fri Jun  3 12:00:54 MDT 2016
# Start of session at: Wed May 15 14:10:08 2019
# Process ID: 3932
# Current directory: P:/ENEL373/Lab_A01_group_20
# Command line: vivado.exe -gui_launcher_event rodinguilauncherevent12240 P:\ENEL373\Lab_A01_group_20\project.xpr
# Log file: P:/ENEL373/Lab_A01_group_20/vivado.log
# Journal file: P:/ENEL373/Lab_A01_group_20\vivado.jou
#-----------------------------------------------------------
start_gui
open_project P:/ENEL373/Lab_A01_group_20/project.xpr
Scanning sources...
Finished scanning sources
INFO: [IP_Flow 19-234] Refreshing IP repositories
INFO: [IP_Flow 19-1704] No user IP repositories specified
INFO: [IP_Flow 19-2313] Loaded Vivado IP repository 'C:/Xilinx/Vivado/2016.2/data/ip'.
open_project: Time (s): cpu = 00:00:10 ; elapsed = 00:00:14 . Memory (MB): peak = 769.563 ; gain = 111.398
update_compile_order -fileset sources_1
reset_run synth_1
launch_runs impl_1 -to_step write_bitstream
[Wed May 15 14:11:51 2019] Launched synth_1...
Run output will be captured here: P:/ENEL373/Lab_A01_group_20/project.runs/synth_1/runme.log
[Wed May 15 14:11:51 2019] Launched impl_1...
Run output will be captured here: P:/ENEL373/Lab_A01_group_20/project.runs/impl_1/runme.log
launch_runs: Time (s): cpu = 00:00:01 ; elapsed = 00:00:15 . Memory (MB): peak = 826.133 ; gain = 22.840
