Copyright 1986-2016 Xilinx, Inc. All Rights Reserved.
------------------------------------------------------------------------------------
| Tool Version : Vivado v.2016.2 (win64) Build 1577090 Thu Jun  2 16:32:40 MDT 2016
| Date         : Wed May 01 14:24:07 2019
| Host         : ELECTRO-28 running 64-bit major release  (build 9200)
| Command      : report_control_sets -verbose -file main_control_sets_placed.rpt
| Design       : main
| Device       : xc7a100t
------------------------------------------------------------------------------------

Control Set Information

Table of Contents
-----------------
1. Summary
2. Flip-Flop Distribution
3. Detailed Control Set Information

1. Summary
----------

+----------------------------------------------------------+-------+
|                          Status                          | Count |
+----------------------------------------------------------+-------+
| Number of unique control sets                            |     9 |
| Unused register locations in slices containing registers |    14 |
+----------------------------------------------------------+-------+


2. Flip-Flop Distribution
-------------------------

+--------------+-----------------------+------------------------+-----------------+--------------+
| Clock Enable | Synchronous Set/Reset | Asynchronous Set/Reset | Total Registers | Total Slices |
+--------------+-----------------------+------------------------+-----------------+--------------+
| No           | No                    | No                     |               9 |            5 |
| No           | No                    | Yes                    |               1 |            1 |
| No           | Yes                   | No                     |               0 |            0 |
| Yes          | No                    | No                     |              48 |           13 |
| Yes          | No                    | Yes                    |               0 |            0 |
| Yes          | Yes                   | No                     |               0 |            0 |
+--------------+-----------------------+------------------------+-----------------+--------------+


3. Detailed Control Set Information
-----------------------------------

+-----------------------------+------------------------+------------------------+------------------+----------------+
|         Clock Signal        |      Enable Signal     |    Set/Reset Signal    | Slice Load Count | Bel Load Count |
+-----------------------------+------------------------+------------------------+------------------+----------------+
| ~button_debounce/btn_reg_in |                        | main_FSM/btn_reg_reset |                1 |              1 |
|  CLK100MHZ_IBUF_BUFG        |                        |                        |                1 |              1 |
|  main_clock_BUFG            |                        |                        |                4 |              8 |
|  main_clock_BUFG            | main_FSM/E[0]          |                        |                3 |              8 |
|  main_clock_BUFG            | main_FSM/Q_reg[7]_0[0] |                        |                1 |              8 |
|  main_clock_BUFG            | main_FSM/Q_reg[7]_1[0] |                        |                2 |              8 |
|  main_clock_BUFG            | main_FSM/Q_reg[7]_2[0] |                        |                2 |              8 |
|  main_clock_BUFG            | main_FSM/Q_reg[7]_3[0] |                        |                2 |              8 |
|  main_clock_BUFG            | main_FSM/Q_reg[7]_4[0] |                        |                3 |              8 |
+-----------------------------+------------------------+------------------------+------------------+----------------+


